{"/app/src/App.css": {"path":"/app/src/App.css","statementMap":{},"fnMap":{},"branchMap":{},"s":{},"f":{},"b":{},"meta":{"lastBranch":0,"lastFunction":0,"lastStatement":0,"seen":{},"fnNames":{}}}
,"/app/src/App.tsx": {"path":"/app/src/App.tsx","statementMap":{"0":{"start":{"line":12,"column":22},"end":{"line":16,"column":null}},"1":{"start":{"line":14,"column":19},"end":{"line":14,"column":null}},"2":{"start":{"line":15,"column":4},"end":{"line":15,"column":null}},"3":{"start":{"line":17,"column":22},"end":{"line":17,"column":null}},"4":{"start":{"line":18,"column":34},"end":{"line":18,"column":null}},"5":{"start":{"line":20,"column":21},"end":{"line":34,"column":null}},"6":{"start":{"line":22,"column":19},"end":{"line":22,"column":null}},"7":{"start":{"line":23,"column":21},"end":{"line":23,"column":null}},"8":{"start":{"line":24,"column":4},"end":{"line":32,"column":null}},"9":{"start":{"line":25,"column":6},"end":{"line":31,"column":null}},"10":{"start":{"line":26,"column":27},"end":{"line":26,"column":null}},"11":{"start":{"line":27,"column":8},"end":{"line":27,"column":null}},"12":{"start":{"line":28,"column":8},"end":{"line":28,"column":null}},"13":{"start":{"line":30,"column":8},"end":{"line":30,"column":null}},"14":{"start":{"line":33,"column":4},"end":{"line":33,"column":null}},"15":{"start":{"line":35,"column":28},"end":{"line":35,"column":null}},"16":{"start":{"line":37,"column":21},"end":{"line":48,"column":null}},"17":{"start":{"line":38,"column":4},"end":{"line":47,"column":null}},"18":{"start":{"line":39,"column":21},"end":{"line":39,"column":null}},"19":{"start":{"line":40,"column":6},"end":{"line":43,"column":null}},"20":{"start":{"line":41,"column":8},"end":{"line":41,"column":null}},"21":{"start":{"line":42,"column":8},"end":{"line":42,"column":null}},"22":{"start":{"line":45,"column":6},"end":{"line":45,"column":null}},"23":{"start":{"line":46,"column":6},"end":{"line":46,"column":null}},"24":{"start":{"line":46,"column":23},"end":{"line":46,"column":61}},"25":{"start":{"line":50,"column":20},"end":{"line":57,"column":null}},"26":{"start":{"line":51,"column":20},"end":{"line":51,"column":null}},"27":{"start":{"line":52,"column":4},"end":{"line":52,"column":null}},"28":{"start":{"line":53,"column":4},"end":{"line":53,"column":null}},"29":{"start":{"line":54,"column":4},"end":{"line":54,"column":null}},"30":{"start":{"line":56,"column":4},"end":{"line":56,"column":null}},"31":{"start":{"line":59,"column":20},"end":{"line":67,"column":null}},"32":{"start":{"line":60,"column":16},"end":{"line":60,"column":null}},"33":{"start":{"line":61,"column":4},"end":{"line":61,"column":null}},"34":{"start":{"line":62,"column":4},"end":{"line":66,"column":null}},"35":{"start":{"line":63,"column":30},"end":{"line":63,"column":null}},"36":{"start":{"line":64,"column":6},"end":{"line":64,"column":null}},"37":{"start":{"line":65,"column":6},"end":{"line":65,"column":null}},"38":{"start":{"line":65,"column":23},"end":{"line":65,"column":52}},"39":{"start":{"line":72,"column":2},"end":{"line":154,"column":null}},"40":{"start":{"line":81,"column":29},"end":{"line":81,"column":null}},"41":{"start":{"line":87,"column":29},"end":{"line":87,"column":null}},"42":{"start":{"line":97,"column":31},"end":{"line":97,"column":null}},"43":{"start":{"line":104,"column":31},"end":{"line":104,"column":null}},"44":{"start":{"line":130,"column":20},"end":{"line":130,"column":null}},"45":{"start":{"line":131,"column":20},"end":{"line":131,"column":null}},"46":{"start":{"line":132,"column":20},"end":{"line":132,"column":null}}},"fnMap":{"0":{"name":"App","decl":{"start":{"line":11,"column":9},"end":{"line":11,"column":15}},"loc":{"start":{"line":11,"column":15},"end":{"line":156,"column":null}},"line":11},"1":{"name":"(anonymous_1)","decl":{"start":{"line":12,"column":56},"end":{"line":12,"column":62}},"loc":{"start":{"line":12,"column":62},"end":{"line":16,"column":3}},"line":12},"2":{"name":"(anonymous_2)","decl":{"start":{"line":20,"column":34},"end":{"line":20,"column":40}},"loc":{"start":{"line":20,"column":40},"end":{"line":34,"column":3}},"line":20},"3":{"name":"(anonymous_3)","decl":{"start":{"line":37,"column":21},"end":{"line":37,"column":22}},"loc":{"start":{"line":37,"column":81},"end":{"line":48,"column":null}},"line":37},"4":{"name":"(anonymous_4)","decl":{"start":{"line":46,"column":17},"end":{"line":46,"column":23}},"loc":{"start":{"line":46,"column":23},"end":{"line":46,"column":61}},"line":46},"5":{"name":"(anonymous_5)","decl":{"start":{"line":50,"column":20},"end":{"line":50,"column":26}},"loc":{"start":{"line":50,"column":26},"end":{"line":57,"column":null}},"line":50},"6":{"name":"(anonymous_6)","decl":{"start":{"line":59,"column":20},"end":{"line":59,"column":26}},"loc":{"start":{"line":59,"column":26},"end":{"line":67,"column":null}},"line":59},"7":{"name":"(anonymous_7)","decl":{"start":{"line":62,"column":55},"end":{"line":62,"column":61}},"loc":{"start":{"line":62,"column":61},"end":{"line":66,"column":5}},"line":62},"8":{"name":"(anonymous_8)","decl":{"start":{"line":65,"column":17},"end":{"line":65,"column":23}},"loc":{"start":{"line":65,"column":23},"end":{"line":65,"column":52}},"line":65},"9":{"name":"(anonymous_9)","decl":{"start":{"line":81,"column":23},"end":{"line":81,"column":29}},"loc":{"start":{"line":81,"column":29},"end":{"line":81,"column":null}},"line":81},"10":{"name":"(anonymous_10)","decl":{"start":{"line":87,"column":23},"end":{"line":87,"column":29}},"loc":{"start":{"line":87,"column":29},"end":{"line":87,"column":null}},"line":87},"11":{"name":"(anonymous_11)","decl":{"start":{"line":97,"column":25},"end":{"line":97,"column":31}},"loc":{"start":{"line":97,"column":31},"end":{"line":97,"column":null}},"line":97},"12":{"name":"(anonymous_12)","decl":{"start":{"line":104,"column":25},"end":{"line":104,"column":31}},"loc":{"start":{"line":104,"column":31},"end":{"line":104,"column":null}},"line":104},"13":{"name":"(anonymous_13)","decl":{"start":{"line":129,"column":27},"end":{"line":129,"column":33}},"loc":{"start":{"line":129,"column":33},"end":{"line":133,"column":null}},"line":129}},"branchMap":{"0":{"loc":{"start":{"line":15,"column":11},"end":{"line":15,"column":null}},"type":"cond-expr","locations":[{"start":{"line":15,"column":31},"end":{"line":15,"column":40}},{"start":{"line":15,"column":40},"end":{"line":15,"column":null}}],"line":15},"1":{"loc":{"start":{"line":24,"column":4},"end":{"line":32,"column":null}},"type":"if","locations":[{"start":{"line":24,"column":4},"end":{"line":32,"column":null}},{"start":{},"end":{}}],"line":24},"2":{"loc":{"start":{"line":40,"column":6},"end":{"line":43,"column":null}},"type":"if","locations":[{"start":{"line":40,"column":6},"end":{"line":43,"column":null}},{"start":{},"end":{}}],"line":40},"3":{"loc":{"start":{"line":80,"column":25},"end":{"line":80,"column":null}},"type":"cond-expr","locations":[{"start":{"line":80,"column":43},"end":{"line":80,"column":48}},{"start":{"line":80,"column":48},"end":{"line":80,"column":null}}],"line":80},"4":{"loc":{"start":{"line":86,"column":25},"end":{"line":86,"column":null}},"type":"cond-expr","locations":[{"start":{"line":86,"column":47},"end":{"line":86,"column":52}},{"start":{"line":86,"column":52},"end":{"line":86,"column":null}}],"line":86},"5":{"loc":{"start":{"line":96,"column":88},"end":{"line":96,"column":151}},"type":"cond-expr","locations":[{"start":{"line":96,"column":111},"end":{"line":96,"column":137}},{"start":{"line":96,"column":137},"end":{"line":96,"column":151}}],"line":96},"6":{"loc":{"start":{"line":103,"column":88},"end":{"line":103,"column":156}},"type":"cond-expr","locations":[{"start":{"line":103,"column":116},"end":{"line":103,"column":142}},{"start":{"line":103,"column":142},"end":{"line":103,"column":156}}],"line":103},"7":{"loc":{"start":{"line":112,"column":9},"end":{"line":151,"column":null}},"type":"cond-expr","locations":[{"start":{"line":113,"column":10},"end":{"line":149,"column":null}},{"start":{"line":151,"column":10},"end":{"line":151,"column":null}}],"line":112}},"s":{"0":3,"1":2,"2":2,"3":3,"4":3,"5":3,"6":2,"7":2,"8":2,"9":2,"10":2,"11":2,"12":2,"13":1,"14":1,"15":3,"16":3,"17":0,"18":0,"19":0,"20":0,"21":0,"22":0,"23":0,"24":0,"25":3,"26":0,"27":0,"28":0,"29":0,"30":0,"31":3,"32":0,"33":0,"34":0,"35":0,"36":0,"37":0,"38":0,"39":3,"40":0,"41":0,"42":0,"43":0,"44":0,"45":0,"46":0},"f":{"0":3,"1":2,"2":2,"3":0,"4":0,"5":0,"6":0,"7":0,"8":0,"9":0,"10":0,"11":0,"12":0,"13":0},"b":{"0":[2,0],"1":[2,0],"2":[0,0],"3":[3,0],"4":[0,3],"5":[3,0],"6":[0,3],"7":[3,0]},"meta":{"lastBranch":8,"lastFunction":14,"lastStatement":47,"seen":{"f:11:9:11:15":0,"s:12:22:16:Infinity":0,"f:12:56:12:62":1,"s:14:19:14:Infinity":1,"s:15:4:15:Infinity":2,"b:15:31:15:40:15:40:15:Infinity":0,"s:17:22:17:Infinity":3,"s:18:34:18:Infinity":4,"s:20:21:34:Infinity":5,"f:20:34:20:40":2,"s:22:19:22:Infinity":6,"s:23:21:23:Infinity":7,"b:24:4:32:Infinity:undefined:undefined:undefined:undefined":1,"s:24:4:32:Infinity":8,"s:25:6:31:Infinity":9,"s:26:27:26:Infinity":10,"s:27:8:27:Infinity":11,"s:28:8:28:Infinity":12,"s:30:8:30:Infinity":13,"s:33:4:33:Infinity":14,"s:35:28:35:Infinity":15,"s:37:21:48:Infinity":16,"f:37:21:37:22":3,"s:38:4:47:Infinity":17,"s:39:21:39:Infinity":18,"b:40:6:43:Infinity:undefined:undefined:undefined:undefined":2,"s:40:6:43:Infinity":19,"s:41:8:41:Infinity":20,"s:42:8:42:Infinity":21,"s:45:6:45:Infinity":22,"s:46:6:46:Infinity":23,"f:46:17:46:23":4,"s:46:23:46:61":24,"s:50:20:57:Infinity":25,"f:50:20:50:26":5,"s:51:20:51:Infinity":26,"s:52:4:52:Infinity":27,"s:53:4:53:Infinity":28,"s:54:4:54:Infinity":29,"s:56:4:56:Infinity":30,"s:59:20:67:Infinity":31,"f:59:20:59:26":6,"s:60:16:60:Infinity":32,"s:61:4:61:Infinity":33,"s:62:4:66:Infinity":34,"f:62:55:62:61":7,"s:63:30:63:Infinity":35,"s:64:6:64:Infinity":36,"s:65:6:65:Infinity":37,"f:65:17:65:23":8,"s:65:23:65:52":38,"s:72:2:154:Infinity":39,"b:80:43:80:48:80:48:80:Infinity":3,"f:81:23:81:29":9,"s:81:29:81:Infinity":40,"b:86:47:86:52:86:52:86:Infinity":4,"f:87:23:87:29":10,"s:87:29:87:Infinity":41,"b:96:111:96:137:96:137:96:151":5,"f:97:25:97:31":11,"s:97:31:97:Infinity":42,"b:103:116:103:142:103:142:103:156":6,"f:104:25:104:31":12,"s:104:31:104:Infinity":43,"b:113:10:149:Infinity:151:10:151:Infinity":7,"f:129:27:129:33":13,"s:130:20:130:Infinity":44,"s:131:20:131:Infinity":45,"s:132:20:132:Infinity":46},"fnNames":{}}}
,"/app/src/components/MoveHistory.tsx": {"path":"/app/src/components/MoveHistory.tsx","statementMap":{"0":{"start":{"line":7,"column":48},"end":{"line":55,"column":null}},"1":{"start":{"line":8,"column":10},"end":{"line":8,"column":null}},"2":{"start":{"line":11,"column":4},"end":{"line":15,"column":null}},"3":{"start":{"line":12,"column":8},"end":{"line":14,"column":null}},"4":{"start":{"line":13,"column":12},"end":{"line":13,"column":null}},"5":{"start":{"line":18,"column":59},"end":{"line":18,"column":null}},"6":{"start":{"line":19,"column":4},"end":{"line":24,"column":null}},"7":{"start":{"line":19,"column":17},"end":{"line":19,"column":20}},"8":{"start":{"line":20,"column":8},"end":{"line":23,"column":null}},"9":{"start":{"line":26,"column":4},"end":{"line":53,"column":null}},"10":{"start":{"line":43,"column":32},"end":{"line":47,"column":null}}},"fnMap":{"0":{"name":"(anonymous_0)","decl":{"start":{"line":7,"column":48},"end":{"line":7,"column":49}},"loc":{"start":{"line":7,"column":65},"end":{"line":55,"column":null}},"line":7},"1":{"name":"(anonymous_1)","decl":{"start":{"line":11,"column":14},"end":{"line":11,"column":20}},"loc":{"start":{"line":11,"column":20},"end":{"line":15,"column":7}},"line":11},"2":{"name":"(anonymous_2)","decl":{"start":{"line":42,"column":43},"end":{"line":42,"column":44}},"loc":{"start":{"line":43,"column":32},"end":{"line":47,"column":null}},"line":43}},"branchMap":{"0":{"loc":{"start":{"line":12,"column":8},"end":{"line":14,"column":null}},"type":"if","locations":[{"start":{"line":12,"column":8},"end":{"line":14,"column":null}},{"start":{},"end":{}}],"line":12},"1":{"loc":{"start":{"line":30,"column":17},"end":{"line":50,"column":null}},"type":"cond-expr","locations":[{"start":{"line":31,"column":20},"end":{"line":31,"column":null}},{"start":{"line":33,"column":20},"end":{"line":50,"column":null}}],"line":30},"2":{"loc":{"start":{"line":46,"column":67},"end":{"line":46,"column":84}},"type":"binary-expr","locations":[{"start":{"line":46,"column":67},"end":{"line":46,"column":81}},{"start":{"line":46,"column":81},"end":{"line":46,"column":84}}],"line":46}},"s":{"0":1,"1":2,"2":2,"3":2,"4":2,"5":2,"6":2,"7":2,"8":0,"9":2,"10":0},"f":{"0":2,"1":2,"2":0},"b":{"0":[2,0],"1":[2,0],"2":[0,0]},"meta":{"lastBranch":3,"lastFunction":3,"lastStatement":11,"seen":{"s:7:48:55:Infinity":0,"f:7:48:7:49":0,"s:8:10:8:Infinity":1,"s:11:4:15:Infinity":2,"f:11:14:11:20":1,"b:12:8:14:Infinity:undefined:undefined:undefined:undefined":0,"s:12:8:14:Infinity":3,"s:13:12:13:Infinity":4,"s:18:59:18:Infinity":5,"s:19:4:24:Infinity":6,"s:19:17:19:20":7,"s:20:8:23:Infinity":8,"s:26:4:53:Infinity":9,"b:31:20:31:Infinity:33:20:50:Infinity":1,"f:42:43:42:44":2,"s:43:32:47:Infinity":10,"b:46:67:46:81:46:81:46:84":2},"fnNames":{}}}
,"/app/src/utils/gameStatus.ts": {"path":"/app/src/utils/gameStatus.ts","statementMap":{"0":{"start":{"line":3,"column":34},"end":{"line":14,"column":null}},"1":{"start":{"line":4,"column":4},"end":{"line":6,"column":null}},"2":{"start":{"line":5,"column":8},"end":{"line":5,"column":null}},"3":{"start":{"line":7,"column":4},"end":{"line":9,"column":null}},"4":{"start":{"line":8,"column":8},"end":{"line":8,"column":null}},"5":{"start":{"line":10,"column":4},"end":{"line":12,"column":null}},"6":{"start":{"line":11,"column":8},"end":{"line":11,"column":null}},"7":{"start":{"line":13,"column":4},"end":{"line":13,"column":null}}},"fnMap":{"0":{"name":"(anonymous_0)","decl":{"start":{"line":3,"column":34},"end":{"line":3,"column":35}},"loc":{"start":{"line":3,"column":59},"end":{"line":14,"column":null}},"line":3}},"branchMap":{"0":{"loc":{"start":{"line":4,"column":4},"end":{"line":6,"column":null}},"type":"if","locations":[{"start":{"line":4,"column":4},"end":{"line":6,"column":null}},{"start":{},"end":{}}],"line":4},"1":{"loc":{"start":{"line":5,"column":29},"end":{"line":5,"column":68}},"type":"cond-expr","locations":[{"start":{"line":5,"column":51},"end":{"line":5,"column":61}},{"start":{"line":5,"column":61},"end":{"line":5,"column":68}}],"line":5},"2":{"loc":{"start":{"line":7,"column":4},"end":{"line":9,"column":null}},"type":"if","locations":[{"start":{"line":7,"column":4},"end":{"line":9,"column":null}},{"start":{},"end":{}}],"line":7},"3":{"loc":{"start":{"line":10,"column":4},"end":{"line":12,"column":null}},"type":"if","locations":[{"start":{"line":10,"column":4},"end":{"line":12,"column":null}},{"start":{},"end":{}}],"line":10},"4":{"loc":{"start":{"line":13,"column":11},"end":{"line":13,"column":null}},"type":"cond-expr","locations":[{"start":{"line":13,"column":33},"end":{"line":13,"column":65}},{"start":{"line":13,"column":65},"end":{"line":13,"column":null}}],"line":13}},"s":{"0":1,"1":0,"2":0,"3":0,"4":0,"5":0,"6":0,"7":0},"f":{"0":0},"b":{"0":[0,0],"1":[0,0],"2":[0,0],"3":[0,0],"4":[0,0]},"meta":{"lastBranch":5,"lastFunction":1,"lastStatement":8,"seen":{"s:3:34:14:Infinity":0,"f:3:34:3:35":0,"b:4:4:6:Infinity:undefined:undefined:undefined:undefined":0,"s:4:4:6:Infinity":1,"s:5:8:5:Infinity":2,"b:5:51:5:61:5:61:5:68":1,"b:7:4:9:Infinity:undefined:undefined:undefined:undefined":2,"s:7:4:9:Infinity":3,"s:8:8:8:Infinity":4,"b:10:4:12:Infinity:undefined:undefined:undefined:undefined":3,"s:10:4:12:Infinity":5,"s:11:8:11:Infinity":6,"s:13:4:13:Infinity":7,"b:13:33:13:65:13:65:13:Infinity":4},"fnNames":{}}}
}
